# JRE version: OpenJDK Runtime Environment Microsoft-8035246 (17.0.8+7) (build 17.0.8+7-LTS)
# Java VM: OpenJDK 64-Bit Server VM Microsoft-8035246 (17.0.8+7-LTS, mixed mode, sharing, tiered, compressed oops, compressed class ptrs, g1 gc, windows-amd64)
GC Precious Log:
 CPUs: 4 total, 4 available
 Memory: 12082M
 Large Page Support: Disabled
 NUMA Support: Disabled
 Compressed Oops: Enabled (32-bit)
 Heap Region Size: 1M
 Heap Min Capacity: 8M
 Heap Initial Capacity: 190M
 Heap Max Capacity: 2G
 Pre-touch: Disabled
 Parallel Workers: 4
 Concurrent Workers: 1
 Concurrent Refinement Workers: 4
 Periodic GC: Disabled
Heap:
 garbage-first heap   total 279552K, used 178295K [0x0000000080000000, 0x0000000100000000)
  region size 1024K, 15 young (15360K), 6 survivors (6144K)
 Metaspace       used 104015K, committed 105152K, reserved 557056K
  class space    used 14318K, committed 14848K, reserved 425984K
GC Heap History (20 events):
Event: 50.913 GC heap before
{Heap before GC invocations=47 (full 0):
 garbage-first heap   total 202752K, used 128974K [0x0000000080000000, 0x0000000100000000)
  region size 1024K, 4 young (4096K), 2 survivors (2048K)
 Metaspace       used 90043K, committed 90944K, reserved 557056K
  class space    used 12636K, committed 13056K, reserved 425984K
}
Event: 50.915 GC heap after
{Heap after GC invocations=48 (full 0):
 garbage-first heap   total 202752K, used 128252K [0x0000000080000000, 0x0000000100000000)
  region size 1024K, 2 young (2048K), 2 survivors (2048K)
 Metaspace       used 90043K, committed 90944K, reserved 557056K
  class space    used 12636K, committed 13056K, reserved 425984K
}
Event: 52.021 GC heap before
{Heap before GC invocations=49 (full 0):
 garbage-first heap   total 232448K, used 158972K [0x0000000080000000, 0x0000000100000000)
  region size 1024K, 30 young (30720K), 2 survivors (2048K)
 Metaspace       used 90347K, committed 91328K, reserved 557056K
  class space    used 12669K, committed 13120K, reserved 425984K
}
Event: 52.030 GC heap after
{Heap after GC invocations=50 (full 0):
 garbage-first heap   total 232448K, used 135873K [0x0000000080000000, 0x0000000100000000)
  region size 1024K, 4 young (4096K), 4 survivors (4096K)
 Metaspace       used 90347K, committed 91328K, reserved 557056K
  class space    used 12669K, committed 13120K, reserved 425984K
}
Event: 52.204 GC heap before
{Heap before GC invocations=50 (full 0):
 garbage-first heap   total 232448K, used 143041K [0x0000000080000000, 0x0000000100000000)
  region size 1024K, 11 young (11264K), 4 survivors (4096K)
 Metaspace       used 90455K, committed 91392K, reserved 557056K
  class space    used 12687K, committed 13120K, reserved 425984K
}
Event: 52.210 GC heap after
{Heap after GC invocations=51 (full 0):
 garbage-first heap   total 232448K, used 138010K [0x0000000080000000, 0x0000000100000000)
  region size 1024K, 2 young (2048K), 2 survivors (2048K)
 Metaspace       used 90455K, committed 91392K, reserved 557056K
  class space    used 12687K, committed 13120K, reserved 425984K
}
Event: 53.140 GC heap before
{Heap before GC invocations=51 (full 0):
 garbage-first heap   total 232448K, used 176922K [0x0000000080000000, 0x0000000100000000)
  region size 1024K, 40 young (40960K), 2 survivors (2048K)
 Metaspace       used 92391K, committed 93440K, reserved 557056K
  class space    used 12909K, committed 13376K, reserved 425984K
}
Event: 53.150 GC heap after
{Heap after GC invocations=52 (full 0):
 garbage-first heap   total 279552K, used 141584K [0x0000000080000000, 0x0000000100000000)
  region size 1024K, 5 young (5120K), 5 survivors (5120K)
 Metaspace       used 92391K, committed 93440K, reserved 557056K
  class space    used 12909K, committed 13376K, reserved 425984K
}
Event: 54.843 GC heap before
{Heap before GC invocations=53 (full 0):
 garbage-first heap   total 279552K, used 205072K [0x0000000080000000, 0x0000000100000000)
  region size 1024K, 67 young (68608K), 5 survivors (5120K)
 Metaspace       used 97855K, committed 98880K, reserved 557056K
  class space    used 13665K, committed 14144K, reserved 425984K
}
Event: 54.860 GC heap after
{Heap after GC invocations=54 (full 0):
 garbage-first heap   total 279552K, used 145239K [0x0000000080000000, 0x0000000100000000)
  region size 1024K, 7 young (7168K), 7 survivors (7168K)
 Metaspace       used 97855K, committed 98880K, reserved 557056K
  class space    used 13665K, committed 14144K, reserved 425984K
}
Event: 55.298 GC heap before
{Heap before GC invocations=54 (full 0):
 garbage-first heap   total 279552K, used 151383K [0x0000000080000000, 0x0000000100000000)
  region size 1024K, 13 young (13312K), 7 survivors (7168K)
 Metaspace       used 97932K, committed 98944K, reserved 557056K
  class space    used 13675K, committed 14144K, reserved 425984K
}
Event: 55.312 GC heap after
{Heap after GC invocations=55 (full 0):
 garbage-first heap   total 279552K, used 145926K [0x0000000080000000, 0x0000000100000000)
  region size 1024K, 2 young (2048K), 2 survivors (2048K)
 Metaspace       used 97932K, committed 98944K, reserved 557056K
  class space    used 13675K, committed 14144K, reserved 425984K
}
Event: 56.931 GC heap before
{Heap before GC invocations=55 (full 0):
 garbage-first heap   total 279552K, used 211462K [0x0000000080000000, 0x0000000100000000)
  region size 1024K, 66 young (67584K), 2 survivors (2048K)
 Metaspace       used 100209K, committed 101248K, reserved 557056K
  class space    used 13944K, committed 14464K, reserved 425984K
}
Event: 56.948 GC heap after
{Heap after GC invocations=56 (full 0):
 garbage-first heap   total 279552K, used 152478K [0x0000000080000000, 0x0000000100000000)
  region size 1024K, 8 young (8192K), 8 survivors (8192K)
 Metaspace       used 100209K, committed 101248K, reserved 557056K
  class space    used 13944K, committed 14464K, reserved 425984K
}
Event: 58.286 GC heap before
{Heap before GC invocations=56 (full 0):
 garbage-first heap   total 279552K, used 215966K [0x0000000080000000, 0x0000000100000000)
  region size 1024K, 71 young (72704K), 8 survivors (8192K)
 Metaspace       used 101303K, committed 102336K, reserved 557056K
  class space    used 14036K, committed 14528K, reserved 425984K
}
Event: 58.312 GC heap after
{Heap after GC invocations=57 (full 0):
 garbage-first heap   total 279552K, used 159437K [0x0000000080000000, 0x0000000100000000)
  region size 1024K, 7 young (7168K), 7 survivors (7168K)
 Metaspace       used 101303K, committed 102336K, reserved 557056K
  class space    used 14036K, committed 14528K, reserved 425984K
}
Event: 60.690 GC heap before
{Heap before GC invocations=57 (full 0):
 garbage-first heap   total 279552K, used 224973K [0x0000000080000000, 0x0000000100000000)
  region size 1024K, 67 young (68608K), 7 survivors (7168K)
 Metaspace       used 103456K, committed 104512K, reserved 557056K
  class space    used 14224K, committed 14720K, reserved 425984K
}
Event: 60.717 GC heap after
{Heap after GC invocations=58 (full 0):
 garbage-first heap   total 279552K, used 165028K [0x0000000080000000, 0x0000000100000000)
  region size 1024K, 6 young (6144K), 6 survivors (6144K)
 Metaspace       used 103456K, committed 104512K, reserved 557056K
  class space    used 14224K, committed 14720K, reserved 425984K
}
Event: 62.171 GC heap before
{Heap before GC invocations=58 (full 0):
 garbage-first heap   total 279552K, used 223396K [0x0000000080000000, 0x0000000100000000)
  region size 1024K, 64 young (65536K), 6 survivors (6144K)
 Metaspace       used 104015K, committed 105152K, reserved 557056K
  class space    used 14318K, committed 14848K, reserved 425984K
}
Event: 62.186 GC heap after
{Heap after GC invocations=59 (full 0):
 garbage-first heap   total 279552K, used 170103K [0x0000000080000000, 0x0000000100000000)
  region size 1024K, 6 young (6144K), 6 survivors (6144K)
 Metaspace       used 104015K, committed 105152K, reserved 557056K
  class space    used 14318K, committed 14848K, reserved 425984K
}

